<?xml version="1.0" encoding="UTF-8"?>
<!-- Generated by org.testng.reporters.JUnitReportReporter -->
<testsuite hostname="mlb-blr-l-sa35" name="tests.SellItemsTest" tests="1" failures="0" timestamp="3 Feb 2014 16:00:02 GMT" time="0.000" errors="1">
  <testcase name="testSellingBooks" time="0.000" classname="tests.SellItemsTest"/>
</testsuite>
