<?xml version="1.0" encoding="UTF-8"?>
<!-- Generated by org.testng.reporters.JUnitReportReporter -->
<testsuite hostname="mlb-blr-l-sa35" name="tests.LoginTest" tests="2" failures="0" timestamp="3 Feb 2014 16:00:02 GMT" time="0.001" errors="0">
  <testcase name="testLogin" time="0.001" classname="tests.LoginTest"/>
  <testcase name="testRegister" time="0.000" classname="tests.LoginTest"/>
</testsuite>
