<?xml version="1.0" encoding="UTF-8"?>
<!-- Generated by org.testng.reporters.JUnitReportReporter -->
<testsuite hostname="mlb-blr-l-sa35" name="tests.UsingAssertions" tests="1" failures="0" timestamp="3 Feb 2014 16:00:02 GMT" time="0.015" errors="0">
  <testcase name="testGoogleSearch" time="0.015" classname="tests.UsingAssertions"/>
</testsuite>
