<?xml version="1.0" encoding="UTF-8"?>
<!-- Generated by org.testng.reporters.JUnitReportReporter -->
<testsuite hostname="mlb-blr-l-sa35" name="tests.SendMailTest" tests="2" failures="0" timestamp="31 Jan 2014 14:07:26 GMT" time="0.008" errors="0">
  <testcase name="testMailSending" time="0.008" classname="tests.SendMailTest"/>
  <testcase name="testMailSending" time="0.000" classname="tests.SendMailTest"/>
</testsuite> <!-- tests.SendMailTest -->
